online2-wav-nnet3-latgen-faster --do-endpointing=false --frames-per-chunk=20 --extra-left-context-initial=0 --online=true --frame-subsampling-factor=3 --config=/home/kaldi-master/egs/csj/online_demo/online-data/models/nnet3/online.conf --min-active=200 --max-active=7000 --beam=15.0 --lattice-beam=6.0 --acoustic-scale=1.0 --word-symbol-table=/home/kaldi-master/egs/csj/online_demo/online-data/models/nnet3/words.txt /home/kaldi-master/egs/csj/online_demo/online-data/models/nnet3/final.mdl /home/kaldi-master/egs/csj/online_demo/online-data/models/nnet3/HCLG.fst ark:/home/kaldi-master/egs/csj/online_demo/online-data/models/nnet3/spk2utt 'ark,s,cs:wav-copy scp,p:/home/ASR-online-demo/ASR-demo/demo/static/upload/kaldi/nnet3/wav.scp ark:- |' 'ark:|lattice-scale --acoustic-scale=10.0 ark:- ark:- | gzip -c >/home/ASR-online-demo/ASR-demo/demo/static/upload/kaldi/nnet3/lat.gz' 
LOG (online2-wav-nnet3-latgen-faster[5.5]:ComputeDerivedVars():ivector-extractor.cc:183) Computing derived variables for iVector extractor
LOG (online2-wav-nnet3-latgen-faster[5.5]:ComputeDerivedVars():ivector-extractor.cc:204) Done.
LOG (online2-wav-nnet3-latgen-faster[5.5]:RemoveOrphanNodes():nnet-nnet.cc:948) Removed 1 orphan nodes.
LOG (online2-wav-nnet3-latgen-faster[5.5]:RemoveOrphanComponents():nnet-nnet.cc:847) Removing 2 orphan components.
LOG (online2-wav-nnet3-latgen-faster[5.5]:Collapse():nnet-utils.cc:1488) Added 1 components, removed 2
LOG (online2-wav-nnet3-latgen-faster[5.5]:CompileLooped():nnet-compile-looped.cc:345) Spent 0.0114801 seconds in looped compilation.
wav-copy scp,p:/home/ASR-online-demo/ASR-demo/demo/static/upload/kaldi/nnet3/wav.scp ark:- 
lattice-scale --acoustic-scale=10.0 ark:- ark:- 
LOG (wav-copy[5.5]:main():wav-copy.cc:68) Copied 1 wave files
LOG (online2-wav-nnet3-latgen-faster[5.5]:main():online2-wav-nnet3-latgen-faster.cc:252) current time: 0s
LOG (online2-wav-nnet3-latgen-faster[5.5]:main():online2-wav-nnet3-latgen-faster.cc:252) current time: 0.18s
LOG (online2-wav-nnet3-latgen-faster[5.5]:main():online2-wav-nnet3-latgen-faster.cc:252) current time: 0.36s
LOG (online2-wav-nnet3-latgen-faster[5.5]:main():online2-wav-nnet3-latgen-faster.cc:252) current time: 0.54s
LOG (online2-wav-nnet3-latgen-faster[5.5]:main():online2-wav-nnet3-latgen-faster.cc:252) current time: 0.72s
LOG (online2-wav-nnet3-latgen-faster[5.5]:main():online2-wav-nnet3-latgen-faster.cc:252) current time: 0.9s
LOG (online2-wav-nnet3-latgen-faster[5.5]:main():online2-wav-nnet3-latgen-faster.cc:252) current time: 1.08s
LOG (online2-wav-nnet3-latgen-faster[5.5]:main():online2-wav-nnet3-latgen-faster.cc:252) current time: 1.26s
LOG (online2-wav-nnet3-latgen-faster[5.5]:main():online2-wav-nnet3-latgen-faster.cc:252) current time: 1.44s
LOG (online2-wav-nnet3-latgen-faster[5.5]:main():online2-wav-nnet3-latgen-faster.cc:252) current time: 1.62s
LOG (online2-wav-nnet3-latgen-faster[5.5]:main():online2-wav-nnet3-latgen-faster.cc:252) current time: 1.8s
LOG (online2-wav-nnet3-latgen-faster[5.5]:main():online2-wav-nnet3-latgen-faster.cc:252) current time: 1.98s
LOG (online2-wav-nnet3-latgen-faster[5.5]:main():online2-wav-nnet3-latgen-faster.cc:252) current time: 2.16s
LOG (online2-wav-nnet3-latgen-faster[5.5]:main():online2-wav-nnet3-latgen-faster.cc:252) current time: 2.34s
LOG (online2-wav-nnet3-latgen-faster[5.5]:main():online2-wav-nnet3-latgen-faster.cc:252) current time: 2.52s
LOG (online2-wav-nnet3-latgen-faster[5.5]:main():online2-wav-nnet3-latgen-faster.cc:252) current time: 2.7s
LOG (online2-wav-nnet3-latgen-faster[5.5]:main():online2-wav-nnet3-latgen-faster.cc:252) current time: 2.88s
LOG (online2-wav-nnet3-latgen-faster[5.5]:main():online2-wav-nnet3-latgen-faster.cc:252) current time: 3.06s
LOG (online2-wav-nnet3-latgen-faster[5.5]:main():online2-wav-nnet3-latgen-faster.cc:252) current time: 3.24s
LOG (online2-wav-nnet3-latgen-faster[5.5]:main():online2-wav-nnet3-latgen-faster.cc:252) current time: 3.42s
LOG (online2-wav-nnet3-latgen-faster[5.5]:main():online2-wav-nnet3-latgen-faster.cc:252) current time: 3.6s
LOG (online2-wav-nnet3-latgen-faster[5.5]:main():online2-wav-nnet3-latgen-faster.cc:252) current time: 3.78s
LOG (online2-wav-nnet3-latgen-faster[5.5]:main():online2-wav-nnet3-latgen-faster.cc:252) current time: 3.96s
LOG (online2-wav-nnet3-latgen-faster[5.5]:main():online2-wav-nnet3-latgen-faster.cc:252) current time: 4.14s
LOG (online2-wav-nnet3-latgen-faster[5.5]:main():online2-wav-nnet3-latgen-faster.cc:252) current time: 4.32s
LOG (online2-wav-nnet3-latgen-faster[5.5]:main():online2-wav-nnet3-latgen-faster.cc:252) current time: 4.5s
LOG (online2-wav-nnet3-latgen-faster[5.5]:main():online2-wav-nnet3-latgen-faster.cc:252) current time: 4.68s
LOG (online2-wav-nnet3-latgen-faster[5.5]:main():online2-wav-nnet3-latgen-faster.cc:252) current time: 4.86s
LOG (online2-wav-nnet3-latgen-faster[5.5]:main():online2-wav-nnet3-latgen-faster.cc:252) current time: 5.04s
kaldiAudio ん+感動詞 <sp> 私+代名詞 も+助詞/副助詞 今+名詞 の+助詞/格助詞 <sp> 音声+名詞 認識+名詞 モデル+名詞 を+助詞/格助詞 使っ+動詞/ワア行五段/連用形/促音便 て+助詞/接続助詞 い+動詞/ア行上一段/連用形 ます+助動詞/終止形 
LOG (online2-wav-nnet3-latgen-faster[5.5]:main():online2-wav-nnet3-latgen-faster.cc:296) Decoded utterance kaldiAudio
LOG (online2-wav-nnet3-latgen-faster[5.5]:Print():online-timing.cc:36) Timing stats: real-time factor was 1.00982 (note: this cannot be less than one.)
LOG (online2-wav-nnet3-latgen-faster[5.5]:Print():online-timing.cc:38) Average delay was 0.050262 seconds.
LOG (online2-wav-nnet3-latgen-faster[5.5]:Print():online-timing.cc:42) Percentage of time spent idling was 73.4303
LOG (online2-wav-nnet3-latgen-faster[5.5]:Print():online-timing.cc:44) Longest delay was 0.050262 seconds for utterance 'kaldiAudio'
LOG (online2-wav-nnet3-latgen-faster[5.5]:main():online2-wav-nnet3-latgen-faster.cc:302) Decoded 1 utterances, 0 with errors.
LOG (online2-wav-nnet3-latgen-faster[5.5]:main():online2-wav-nnet3-latgen-faster.cc:304) Overall likelihood per frame was 1.11814 per frame over 170 frames.
LOG (lattice-scale[5.5]:main():lattice-scale.cc:107) Done 1 lattices.
